from __future__ import unicode_literals
icons = {
  "500px": 
    "brands"
  "accessible-icon": 
    "brands"
  "accusoft": 
    "brands"
  "address-book": 
    "regular"
  "address-card": 
    "regular"
  "adjust": 
    "solid"
  "adn": 
    "brands"
  "adversal": 
    "brands"
  "affiliatetheme": 
    "brands"
  "air-freshener": 
    "solid"
  "algolia": 
    "brands"
  "align-center": 
    "solid"
  "align-justify": 
    "solid"
  "align-left": 
    "solid"
  "align-right": 
    "solid"
  "allergies": 
    "solid"
  "amazon": 
    "brands"
  "amazon-pay": 
    "brands"
  "ambulance": 
    "solid"
  "american-sign-language-interpreting": 
    "solid"
  "amilia": 
    "brands"
  "anchor": 
    "solid"
  "android": 
    "brands"
  "angellist": 
    "brands"
  "angle-double-down": 
    "solid"
  "angle-double-left": 
    "solid"
  "angle-double-right": 
    "solid"
  "angle-double-up": 
    "solid"
  "angle-down": 
    "solid"
  "angle-left": 
    "solid"
  "angle-right": 
    "solid"
  "angle-up": 
    "solid"
  "angry": 
    "regular"
  "angrycreative": 
    "brands"
  "angular": 
    "brands"
  "app-store": 
    "brands"
  "app-store-ios": 
    "brands"
  "apper": 
    "brands"
  "apple": 
    "brands"
  "apple-alt": 
    "solid"
  "apple-pay": 
    "brands"
  "archive": 
    "solid"
  "archway": 
    "solid"
  "arrow-alt-circle-down": 
    "regular"
  "arrow-alt-circle-left": 
    "regular"
  "arrow-alt-circle-right": 
    "regular"
  "arrow-alt-circle-up": 
    "regular"
  "arrow-circle-down": 
    "solid"
  "arrow-circle-left": 
    "solid"
  "arrow-circle-right": 
    "solid"
  "arrow-circle-up": 
    "solid"
  "arrow-down": 
    "solid"
  "arrow-left": 
    "solid"
  "arrow-right": 
    "solid"
  "arrow-up": 
    "solid"
  "arrows-alt": 
    "solid"
  "arrows-alt-h": 
    "solid"
  "arrows-alt-v": 
    "solid"
  "assistive-listening-systems": 
    "solid"
  "asterisk": 
    "solid"
  "asymmetrik": 
    "brands"
  "at": 
    "solid"
  "atlas": 
    "solid"
  "atom": 
    "solid"
  "audible": 
    "brands"
  "audio-description": 
    "solid"
  "autoprefixer": 
    "brands"
  "avianex": 
    "brands"
  "aviato": 
    "brands"
  "award": 
    "solid"
  "aws": 
    "brands"
  "backspace": 
    "solid"
  "backward": 
    "solid"
  "balance-scale": 
    "solid"
  "ban": 
    "solid"
  "band-aid": 
    "solid"
  "bandcamp": 
    "brands"
  "barcode": 
    "solid"
  "bars": 
    "solid"
  "baseball-ball": 
    "solid"
  "basketball-ball": 
    "solid"
  "bath": 
    "solid"
  "battery-empty": 
    "solid"
  "battery-full": 
    "solid"
  "battery-half": 
    "solid"
  "battery-quarter": 
    "solid"
  "battery-three-quarters": 
    "solid"
  "bed": 
    "solid"
  "beer": 
    "solid"
  "behance": 
    "brands"
  "behance-square": 
    "brands"
  "bell": 
    "regular"
  "bell-slash": 
    "regular"
  "bezier-curve": 
    "solid"
  "bicycle": 
    "solid"
  "bimobject": 
    "brands"
  "binoculars": 
    "solid"
  "birthday-cake": 
    "solid"
  "bitbucket": 
    "brands"
  "bitcoin": 
    "brands"
  "bity": 
    "brands"
  "black-tie": 
    "brands"
  "blackberry": 
    "brands"
  "blender": 
    "solid"
  "blind": 
    "solid"
  "blogger": 
    "brands"
  "blogger-b": 
    "brands"
  "bluetooth": 
    "brands"
  "bluetooth-b": 
    "brands"
  "bold": 
    "solid"
  "bolt": 
    "solid"
  "bomb": 
    "solid"
  "bone": 
    "solid"
  "bong": 
    "solid"
  "book": 
    "solid"
  "book-open": 
    "solid"
  "book-reader": 
    "solid"
  "bookmark": 
    "regular"
  "bowling-ball": 
    "solid"
  "box": 
    "solid"
  "box-open": 
    "solid"
  "boxes": 
    "solid"
  "braille": 
    "solid"
  "brain": 
    "solid"
  "briefcase": 
    "solid"
  "briefcase-medical": 
    "solid"
  "broadcast-tower": 
    "solid"
  "broom": 
    "solid"
  "brush": 
    "solid"
  "btc": 
    "brands"
  "bug": 
    "solid"
  "building": 
    "regular"
  "bullhorn": 
    "solid"
  "bullseye": 
    "solid"
  "burn": 
    "solid"
  "buromobelexperte": 
    "brands"
  "bus": 
    "solid"
  "bus-alt": 
    "solid"
  "buysellads": 
    "brands"
  "calculator": 
    "solid"
  "calendar": 
    "regular"
  "calendar-alt": 
    "regular"
  "calendar-check": 
    "regular"
  "calendar-minus": 
    "regular"
  "calendar-plus": 
    "regular"
  "calendar-times": 
    "regular"
  "camera": 
    "solid"
  "camera-retro": 
    "solid"
  "cannabis": 
    "solid"
  "capsules": 
    "solid"
  "car": 
    "solid"
  "car-alt": 
    "solid"
  "car-battery": 
    "solid"
  "car-crash": 
    "solid"
  "car-side": 
    "solid"
  "caret-down": 
    "solid"
  "caret-left": 
    "solid"
  "caret-right": 
    "solid"
  "caret-square-down": 
    "regular"
  "caret-square-left": 
    "regular"
  "caret-square-right": 
    "regular"
  "caret-square-up": 
    "regular"
  "caret-up": 
    "solid"
  "cart-arrow-down": 
    "solid"
  "cart-plus": 
    "solid"
  "cc-amazon-pay": 
    "brands"
  "cc-amex": 
    "brands"
  "cc-apple-pay": 
    "brands"
  "cc-diners-club": 
    "brands"
  "cc-discover": 
    "brands"
  "cc-jcb": 
    "brands"
  "cc-mastercard": 
    "brands"
  "cc-paypal": 
    "brands"
  "cc-stripe": 
    "brands"
  "cc-visa": 
    "brands"
  "centercode": 
    "brands"
  "certificate": 
    "solid"
  "chalkboard": 
    "solid"
  "chalkboard-teacher": 
    "solid"
  "charging-station": 
    "solid"
  "chart-area": 
    "solid"
  "chart-bar": 
    "regular"
  "chart-line": 
    "solid"
  "chart-pie": 
    "solid"
  "check": 
    "solid"
  "check-circle": 
    "regular"
  "check-double": 
    "solid"
  "check-square": 
    "regular"
  "chess": 
    "solid"
  "chess-bishop": 
    "solid"
  "chess-board": 
    "solid"
  "chess-king": 
    "solid"
  "chess-knight": 
    "solid"
  "chess-pawn": 
    "solid"
  "chess-queen": 
    "solid"
  "chess-rook": 
    "solid"
  "chevron-circle-down": 
    "solid"
  "chevron-circle-left": 
    "solid"
  "chevron-circle-right": 
    "solid"
  "chevron-circle-up": 
    "solid"
  "chevron-down": 
    "solid"
  "chevron-left": 
    "solid"
  "chevron-right": 
    "solid"
  "chevron-up": 
    "solid"
  "child": 
    "solid"
  "chrome": 
    "brands"
  "church": 
    "solid"
  "circle": 
    "regular"
  "circle-notch": 
    "solid"
  "clipboard": 
    "regular"
  "clipboard-check": 
    "solid"
  "clipboard-list": 
    "solid"
  "clock": 
    "regular"
  "clone": 
    "regular"
  "closed-captioning": 
    "regular"
  "cloud": 
    "solid"
  "cloud-download-alt": 
    "solid"
  "cloud-upload-alt": 
    "solid"
  "cloudscale": 
    "brands"
  "cloudsmith": 
    "brands"
  "cloudversify": 
    "brands"
  "cocktail": 
    "solid"
  "code": 
    "solid"
  "code-branch": 
    "solid"
  "codepen": 
    "brands"
  "codiepie": 
    "brands"
  "coffee": 
    "solid"
  "cog": 
    "solid"
  "cogs": 
    "solid"
  "coins": 
    "solid"
  "columns": 
    "solid"
  "comment": 
    "regular"
  "comment-alt": 
    "regular"
  "comment-dots": 
    "regular"
  "comment-slash": 
    "solid"
  "comments": 
    "regular"
  "compact-disc": 
    "solid"
  "compass": 
    "regular"
  "compress": 
    "solid"
  "concierge-bell": 
    "solid"
  "connectdevelop": 
    "brands"
  "contao": 
    "brands"
  "cookie": 
    "solid"
  "cookie-bite": 
    "solid"
  "copy": 
    "regular"
  "copyright": 
    "regular"
  "couch": 
    "solid"
  "cpanel": 
    "brands"
  "creative-commons": 
    "brands"
  "creative-commons-by": 
    "brands"
  "creative-commons-nc": 
    "brands"
  "creative-commons-nc-eu": 
    "brands"
  "creative-commons-nc-jp": 
    "brands"
  "creative-commons-nd": 
    "brands"
  "creative-commons-pd": 
    "brands"
  "creative-commons-pd-alt": 
    "brands"
  "creative-commons-remix": 
    "brands"
  "creative-commons-sa": 
    "brands"
  "creative-commons-sampling": 
    "brands"
  "creative-commons-sampling-plus": 
    "brands"
  "creative-commons-share": 
    "brands"
  "credit-card": 
    "regular"
  "crop": 
    "solid"
  "crop-alt": 
    "solid"
  "crosshairs": 
    "solid"
  "crow": 
    "solid"
  "crown": 
    "solid"
  "css3": 
    "brands"
  "css3-alt": 
    "brands"
  "cube": 
    "solid"
  "cubes": 
    "solid"
  "cut": 
    "solid"
  "cuttlefish": 
    "brands"
  "d-and-d": 
    "brands"
  "dashcube": 
    "brands"
  "database": 
    "solid"
  "deaf": 
    "solid"
  "delicious": 
    "brands"
  "deploydog": 
    "brands"
  "deskpro": 
    "brands"
  "desktop": 
    "solid"
  "deviantart": 
    "brands"
  "diagnoses": 
    "solid"
  "dice": 
    "solid"
  "dice-five": 
    "solid"
  "dice-four": 
    "solid"
  "dice-one": 
    "solid"
  "dice-six": 
    "solid"
  "dice-three": 
    "solid"
  "dice-two": 
    "solid"
  "digg": 
    "brands"
  "digital-ocean": 
    "brands"
  "digital-tachograph": 
    "solid"
  "directions": 
    "solid"
  "discord": 
    "brands"
  "discourse": 
    "brands"
  "divide": 
    "solid"
  "dizzy": 
    "regular"
  "dna": 
    "solid"
  "dochub": 
    "brands"
  "docker": 
    "brands"
  "dollar-sign": 
    "solid"
  "dolly": 
    "solid"
  "dolly-flatbed": 
    "solid"
  "donate": 
    "solid"
  "door-closed": 
    "solid"
  "door-open": 
    "solid"
  "dot-circle": 
    "regular"
  "dove": 
    "solid"
  "download": 
    "solid"
  "draft2digital": 
    "brands"
  "drafting-compass": 
    "solid"
  "draw-polygon": 
    "solid"
  "dribbble": 
    "brands"
  "dribbble-square": 
    "brands"
  "dropbox": 
    "brands"
  "drum": 
    "solid"
  "drum-steelpan": 
    "solid"
  "drupal": 
    "brands"
  "dumbbell": 
    "solid"
  "dyalog": 
    "brands"
  "earlybirds": 
    "brands"
  "ebay": 
    "brands"
  "edge": 
    "brands"
  "edit": 
    "regular"
  "eject": 
    "solid"
  "elementor": 
    "brands"
  "ellipsis-h": 
    "solid"
  "ellipsis-v": 
    "solid"
  "ello": 
    "brands"
  "ember": 
    "brands"
  "empire": 
    "brands"
  "envelope": 
    "regular"
  "envelope-open": 
    "regular"
  "envelope-square": 
    "solid"
  "envira": 
    "brands"
  "equals": 
    "solid"
  "eraser": 
    "solid"
  "erlang": 
    "brands"
  "ethereum": 
    "brands"
  "etsy": 
    "brands"
  "euro-sign": 
    "solid"
  "exchange-alt": 
    "solid"
  "exclamation": 
    "solid"
  "exclamation-circle": 
    "solid"
  "exclamation-triangle": 
    "solid"
  "expand": 
    "solid"
  "expand-arrows-alt": 
    "solid"
  "expeditedssl": 
    "brands"
  "external-link-alt": 
    "solid"
  "external-link-square-alt": 
    "solid"
  "eye": 
    "regular"
  "eye-dropper": 
    "solid"
  "eye-slash": 
    "regular"
  "facebook": 
    "brands"
  "facebook-f": 
    "brands"
  "facebook-messenger": 
    "brands"
  "facebook-square": 
    "brands"
  "fast-backward": 
    "solid"
  "fast-forward": 
    "solid"
  "fax": 
    "solid"
  "feather": 
    "solid"
  "feather-alt": 
    "solid"
  "female": 
    "solid"
  "fighter-jet": 
    "solid"
  "file": 
    "regular"
  "file-alt": 
    "regular"
  "file-archive": 
    "regular"
  "file-audio": 
    "regular"
  "file-code": 
    "regular"
  "file-contract": 
    "solid"
  "file-download": 
    "solid"
  "file-excel": 
    "regular"
  "file-export": 
    "solid"
  "file-image": 
    "regular"
  "file-import": 
    "solid"
  "file-invoice": 
    "solid"
  "file-invoice-dollar": 
    "solid"
  "file-medical": 
    "solid"
  "file-medical-alt": 
    "solid"
  "file-pdf": 
    "regular"
  "file-powerpoint": 
    "regular"
  "file-prescription": 
    "solid"
  "file-signature": 
    "solid"
  "file-upload": 
    "solid"
  "file-video": 
    "regular"
  "file-word": 
    "regular"
  "fill": 
    "solid"
  "fill-drip": 
    "solid"
  "film": 
    "solid"
  "filter": 
    "solid"
  "fingerprint": 
    "solid"
  "fire": 
    "solid"
  "fire-extinguisher": 
    "solid"
  "firefox": 
    "brands"
  "first-aid": 
    "solid"
  "first-order": 
    "brands"
  "first-order-alt": 
    "brands"
  "firstdraft": 
    "brands"
  "fish": 
    "solid"
  "flag": 
    "regular"
  "flag-checkered": 
    "solid"
  "flask": 
    "solid"
  "flickr": 
    "brands"
  "flipboard": 
    "brands"
  "flushed": 
    "regular"
  "fly": 
    "brands"
  "folder": 
    "regular"
  "folder-open": 
    "regular"
  "font": 
    "solid"
  "font-awesome": 
    "brands"
  "font-awesome-alt": 
    "brands"
  "font-awesome-flag": 
    "brands"
  "font-awesome-logo-full": 
    "brands"
  "fonticons": 
    "brands"
  "fonticons-fi": 
    "brands"
  "football-ball": 
    "solid"
  "fort-awesome": 
    "brands"
  "fort-awesome-alt": 
    "brands"
  "forumbee": 
    "brands"
  "forward": 
    "solid"
  "foursquare": 
    "brands"
  "free-code-camp": 
    "brands"
  "freebsd": 
    "brands"
  "frog": 
    "solid"
  "frown": 
    "regular"
  "frown-open": 
    "regular"
  "fulcrum": 
    "brands"
  "futbol": 
    "regular"
  "galactic-republic": 
    "brands"
  "galactic-senate": 
    "brands"
  "gamepad": 
    "solid"
  "gas-pump": 
    "solid"
  "gavel": 
    "solid"
  "gem": 
    "regular"
  "genderless": 
    "solid"
  "get-pocket": 
    "brands"
  "gg": 
    "brands"
  "gg-circle": 
    "brands"
  "gift": 
    "solid"
  "git": 
    "brands"
  "git-square": 
    "brands"
  "github": 
    "brands"
  "github-alt": 
    "brands"
  "github-square": 
    "brands"
  "gitkraken": 
    "brands"
  "gitlab": 
    "brands"
  "gitter": 
    "brands"
  "glass-martini": 
    "solid"
  "glass-martini-alt": 
    "solid"
  "glasses": 
    "solid"
  "glide": 
    "brands"
  "glide-g": 
    "brands"
  "globe": 
    "solid"
  "globe-africa": 
    "solid"
  "globe-americas": 
    "solid"
  "globe-asia": 
    "solid"
  "gofore": 
    "brands"
  "golf-ball": 
    "solid"
  "goodreads": 
    "brands"
  "goodreads-g": 
    "brands"
  "google": 
    "brands"
  "google-drive": 
    "brands"
  "google-play": 
    "brands"
  "google-plus": 
    "brands"
  "google-plus-g": 
    "brands"
  "google-plus-square": 
    "brands"
  "google-wallet": 
    "brands"
  "graduation-cap": 
    "solid"
  "gratipay": 
    "brands"
  "grav": 
    "brands"
  "greater-than": 
    "solid"
  "greater-than-equal": 
    "solid"
  "grimace": 
    "regular"
  "grin": 
    "regular"
  "grin-alt": 
    "regular"
  "grin-beam": 
    "regular"
  "grin-beam-sweat": 
    "regular"
  "grin-hearts": 
    "regular"
  "grin-squint": 
    "regular"
  "grin-squint-tears": 
    "regular"
  "grin-stars": 
    "regular"
  "grin-tears": 
    "regular"
  "grin-tongue": 
    "regular"
  "grin-tongue-squint": 
    "regular"
  "grin-tongue-wink": 
    "regular"
  "grin-wink": 
    "regular"
  "grip-horizontal": 
    "solid"
  "grip-vertical": 
    "solid"
  "gripfire": 
    "brands"
  "grunt": 
    "brands"
  "gulp": 
    "brands"
  "h-square": 
    "solid"
  "hacker-news": 
    "brands"
  "hacker-news-square": 
    "brands"
  "hackerrank": 
    "brands"
  "hand-holding": 
    "solid"
  "hand-holding-heart": 
    "solid"
  "hand-holding-usd": 
    "solid"
  "hand-lizard": 
    "regular"
  "hand-paper": 
    "regular"
  "hand-peace": 
    "regular"
  "hand-point-down": 
    "regular"
  "hand-point-left": 
    "regular"
  "hand-point-right": 
    "regular"
  "hand-point-up": 
    "regular"
  "hand-pointer": 
    "regular"
  "hand-rock": 
    "regular"
  "hand-scissors": 
    "regular"
  "hand-spock": 
    "regular"
  "hands": 
    "solid"
  "hands-helping": 
    "solid"
  "handshake": 
    "regular"
  "hashtag": 
    "solid"
  "hdd": 
    "regular"
  "heading": 
    "solid"
  "headphones": 
    "solid"
  "headphones-alt": 
    "solid"
  "headset": 
    "solid"
  "heart": 
    "regular"
  "heartbeat": 
    "solid"
  "helicopter": 
    "solid"
  "highlighter": 
    "solid"
  "hips": 
    "brands"
  "hire-a-helper": 
    "brands"
  "history": 
    "solid"
  "hockey-puck": 
    "solid"
  "home": 
    "solid"
  "hooli": 
    "brands"
  "hornbill": 
    "brands"
  "hospital": 
    "regular"
  "hospital-alt": 
    "solid"
  "hospital-symbol": 
    "solid"
  "hot-tub": 
    "solid"
  "hotel": 
    "solid"
  "hotjar": 
    "brands"
  "hourglass": 
    "regular"
  "hourglass-end": 
    "solid"
  "hourglass-half": 
    "solid"
  "hourglass-start": 
    "solid"
  "houzz": 
    "brands"
  "html5": 
    "brands"
  "hubspot": 
    "brands"
  "i-cursor": 
    "solid"
  "id-badge": 
    "regular"
  "id-card": 
    "regular"
  "id-card-alt": 
    "solid"
  "image": 
    "regular"
  "images": 
    "regular"
  "imdb": 
    "brands"
  "inbox": 
    "solid"
  "indent": 
    "solid"
  "industry": 
    "solid"
  "infinity": 
    "solid"
  "info": 
    "solid"
  "info-circle": 
    "solid"
  "instagram": 
    "brands"
  "internet-explorer": 
    "brands"
  "ioxhost": 
    "brands"
  "italic": 
    "solid"
  "itunes": 
    "brands"
  "itunes-note": 
    "brands"
  "java": 
    "brands"
  "jedi-order": 
    "brands"
  "jenkins": 
    "brands"
  "joget": 
    "brands"
  "joint": 
    "solid"
  "joomla": 
    "brands"
  "js": 
    "brands"
  "js-square": 
    "brands"
  "jsfiddle": 
    "brands"
  "kaggle": 
    "brands"
  "key": 
    "solid"
  "keybase": 
    "brands"
  "keyboard": 
    "regular"
  "keycdn": 
    "brands"
  "kickstarter": 
    "brands"
  "kickstarter-k": 
    "brands"
  "kiss": 
    "regular"
  "kiss-beam": 
    "regular"
  "kiss-wink-heart": 
    "regular"
  "kiwi-bird": 
    "solid"
  "korvue": 
    "brands"
  "language": 
    "solid"
  "laptop": 
    "solid"
  "laptop-code": 
    "solid"
  "laravel": 
    "brands"
  "lastfm": 
    "brands"
  "lastfm-square": 
    "brands"
  "laugh": 
    "regular"
  "laugh-beam": 
    "regular"
  "laugh-squint": 
    "regular"
  "laugh-wink": 
    "regular"
  "layer-group": 
    "solid"
  "leaf": 
    "solid"
  "leanpub": 
    "brands"
  "lemon": 
    "regular"
  "less": 
    "brands"
  "less-than": 
    "solid"
  "less-than-equal": 
    "solid"
  "level-down-alt": 
    "solid"
  "level-up-alt": 
    "solid"
  "life-ring": 
    "regular"
  "lightbulb": 
    "regular"
  "line": 
    "brands"
  "link": 
    "solid"
  "linkedin": 
    "brands"
  "linkedin-in": 
    "brands"
  "linode": 
    "brands"
  "linux": 
    "brands"
  "lira-sign": 
    "solid"
  "list": 
    "solid"
  "list-alt": 
    "regular"
  "list-ol": 
    "solid"
  "list-ul": 
    "solid"
  "location-arrow": 
    "solid"
  "lock": 
    "solid"
  "lock-open": 
    "solid"
  "long-arrow-alt-down": 
    "solid"
  "long-arrow-alt-left": 
    "solid"
  "long-arrow-alt-right": 
    "solid"
  "long-arrow-alt-up": 
    "solid"
  "low-vision": 
    "solid"
  "luggage-cart": 
    "solid"
  "lyft": 
    "brands"
  "magento": 
    "brands"
  "magic": 
    "solid"
  "magnet": 
    "solid"
  "mailchimp": 
    "brands"
  "male": 
    "solid"
  "mandalorian": 
    "brands"
  "map": 
    "regular"
  "map-marked": 
    "solid"
  "map-marked-alt": 
    "solid"
  "map-marker": 
    "solid"
  "map-marker-alt": 
    "solid"
  "map-pin": 
    "solid"
  "map-signs": 
    "solid"
  "markdown": 
    "brands"
  "marker": 
    "solid"
  "mars": 
    "solid"
  "mars-double": 
    "solid"
  "mars-stroke": 
    "solid"
  "mars-stroke-h": 
    "solid"
  "mars-stroke-v": 
    "solid"
  "mastodon": 
    "brands"
  "maxcdn": 
    "brands"
  "medal": 
    "solid"
  "medapps": 
    "brands"
  "medium": 
    "brands"
  "medium-m": 
    "brands"
  "medkit": 
    "solid"
  "medrt": 
    "brands"
  "meetup": 
    "brands"
  "megaport": 
    "brands"
  "meh": 
    "regular"
  "meh-blank": 
    "regular"
  "meh-rolling-eyes": 
    "regular"
  "memory": 
    "solid"
  "mercury": 
    "solid"
  "microchip": 
    "solid"
  "microphone": 
    "solid"
  "microphone-alt": 
    "solid"
  "microphone-alt-slash": 
    "solid"
  "microphone-slash": 
    "solid"
  "microscope": 
    "solid"
  "microsoft": 
    "brands"
  "minus": 
    "solid"
  "minus-circle": 
    "solid"
  "minus-square": 
    "regular"
  "mix": 
    "brands"
  "mixcloud": 
    "brands"
  "mizuni": 
    "brands"
  "mobile": 
    "solid"
  "mobile-alt": 
    "solid"
  "modx": 
    "brands"
  "monero": 
    "brands"
  "money-bill": 
    "solid"
  "money-bill-alt": 
    "regular"
  "money-bill-wave": 
    "solid"
  "money-bill-wave-alt": 
    "solid"
  "money-check": 
    "solid"
  "money-check-alt": 
    "solid"
  "monument": 
    "solid"
  "moon": 
    "regular"
  "mortar-pestle": 
    "solid"
  "motorcycle": 
    "solid"
  "mouse-pointer": 
    "solid"
  "music": 
    "solid"
  "napster": 
    "brands"
  "neos": 
    "brands"
  "neuter": 
    "solid"
  "newspaper": 
    "regular"
  "nimblr": 
    "brands"
  "nintendo-switch": 
    "brands"
  "node": 
    "brands"
  "node-js": 
    "brands"
  "not-equal": 
    "solid"
  "notes-medical": 
    "solid"
  "npm": 
    "brands"
  "ns8": 
    "brands"
  "nutritionix": 
    "brands"
  "object-group": 
    "regular"
  "object-ungroup": 
    "regular"
  "odnoklassniki": 
    "brands"
  "odnoklassniki-square": 
    "brands"
  "oil-can": 
    "solid"
  "old-republic": 
    "brands"
  "opencart": 
    "brands"
  "openid": 
    "brands"
  "opera": 
    "brands"
  "optin-monster": 
    "brands"
  "osi": 
    "brands"
  "outdent": 
    "solid"
  "page4": 
    "brands"
  "pagelines": 
    "brands"
  "paint-brush": 
    "solid"
  "paint-roller": 
    "solid"
  "palette": 
    "solid"
  "palfed": 
    "brands"
  "pallet": 
    "solid"
  "paper-plane": 
    "regular"
  "paperclip": 
    "solid"
  "parachute-box": 
    "solid"
  "paragraph": 
    "solid"
  "parking": 
    "solid"
  "passport": 
    "solid"
  "paste": 
    "solid"
  "patreon": 
    "brands"
  "pause": 
    "solid"
  "pause-circle": 
    "regular"
  "paw": 
    "solid"
  "paypal": 
    "brands"
  "pen": 
    "solid"
  "pen-alt": 
    "solid"
  "pen-fancy": 
    "solid"
  "pen-nib": 
    "solid"
  "pen-square": 
    "solid"
  "pencil-alt": 
    "solid"
  "pencil-ruler": 
    "solid"
  "people-carry": 
    "solid"
  "percent": 
    "solid"
  "percentage": 
    "solid"
  "periscope": 
    "brands"
  "phabricator": 
    "brands"
  "phoenix-framework": 
    "brands"
  "phoenix-squadron": 
    "brands"
  "phone": 
    "solid"
  "phone-slash": 
    "solid"
  "phone-square": 
    "solid"
  "phone-volume": 
    "solid"
  "php": 
    "brands"
  "pied-piper": 
    "brands"
  "pied-piper-alt": 
    "brands"
  "pied-piper-hat": 
    "brands"
  "pied-piper-pp": 
    "brands"
  "piggy-bank": 
    "solid"
  "pills": 
    "solid"
  "pinterest": 
    "brands"
  "pinterest-p": 
    "brands"
  "pinterest-square": 
    "brands"
  "plane": 
    "solid"
  "plane-arrival": 
    "solid"
  "plane-departure": 
    "solid"
  "play": 
    "solid"
  "play-circle": 
    "regular"
  "playstation": 
    "brands"
  "plug": 
    "solid"
  "plus": 
    "solid"
  "plus-circle": 
    "solid"
  "plus-square": 
    "regular"
  "podcast": 
    "solid"
  "poo": 
    "solid"
  "poop": 
    "solid"
  "portrait": 
    "solid"
  "pound-sign": 
    "solid"
  "power-off": 
    "solid"
  "prescription": 
    "solid"
  "prescription-bottle": 
    "solid"
  "prescription-bottle-alt": 
    "solid"
  "print": 
    "solid"
  "procedures": 
    "solid"
  "product-hunt": 
    "brands"
  "project-diagram": 
    "solid"
  "pushed": 
    "brands"
  "puzzle-piece": 
    "solid"
  "python": 
    "brands"
  "qq": 
    "brands"
  "qrcode": 
    "solid"
  "question": 
    "solid"
  "question-circle": 
    "regular"
  "quidditch": 
    "solid"
  "quinscape": 
    "brands"
  "quora": 
    "brands"
  "quote-left": 
    "solid"
  "quote-right": 
    "solid"
  "r-project": 
    "brands"
  "random": 
    "solid"
  "ravelry": 
    "brands"
  "react": 
    "brands"
  "readme": 
    "brands"
  "rebel": 
    "brands"
  "receipt": 
    "solid"
  "recycle": 
    "solid"
  "red-river": 
    "brands"
  "reddit": 
    "brands"
  "reddit-alien": 
    "brands"
  "reddit-square": 
    "brands"
  "redo": 
    "solid"
  "redo-alt": 
    "solid"
  "registered": 
    "regular"
  "rendact": 
    "brands"
  "renren": 
    "brands"
  "reply": 
    "solid"
  "reply-all": 
    "solid"
  "replyd": 
    "brands"
  "researchgate": 
    "brands"
  "resolving": 
    "brands"
  "retweet": 
    "solid"
  "rev": 
    "brands"
  "ribbon": 
    "solid"
  "road": 
    "solid"
  "robot": 
    "solid"
  "rocket": 
    "solid"
  "rocketchat": 
    "brands"
  "rockrms": 
    "brands"
  "route": 
    "solid"
  "rss": 
    "solid"
  "rss-square": 
    "solid"
  "ruble-sign": 
    "solid"
  "ruler": 
    "solid"
  "ruler-combined": 
    "solid"
  "ruler-horizontal": 
    "solid"
  "ruler-vertical": 
    "solid"
  "rupee-sign": 
    "solid"
  "sad-cry": 
    "regular"
  "sad-tear": 
    "regular"
  "safari": 
    "brands"
  "sass": 
    "brands"
  "save": 
    "regular"
  "schlix": 
    "brands"
  "school": 
    "solid"
  "screwdriver": 
    "solid"
  "scribd": 
    "brands"
  "search": 
    "solid"
  "search-minus": 
    "solid"
  "search-plus": 
    "solid"
  "searchengin": 
    "brands"
  "seedling": 
    "solid"
  "sellcast": 
    "brands"
  "sellsy": 
    "brands"
  "server": 
    "solid"
  "servicestack": 
    "brands"
  "shapes": 
    "solid"
  "share": 
    "solid"
  "share-alt": 
    "solid"
  "share-alt-square": 
    "solid"
  "share-square": 
    "regular"
  "shekel-sign": 
    "solid"
  "shield-alt": 
    "solid"
  "ship": 
    "solid"
  "shipping-fast": 
    "solid"
  "shirtsinbulk": 
    "brands"
  "shoe-prints": 
    "solid"
  "shopping-bag": 
    "solid"
  "shopping-basket": 
    "solid"
  "shopping-cart": 
    "solid"
  "shopware": 
    "brands"
  "shower": 
    "solid"
  "shuttle-van": 
    "solid"
  "sign": 
    "solid"
  "sign-in-alt": 
    "solid"
  "sign-language": 
    "solid"
  "sign-out-alt": 
    "solid"
  "signal": 
    "solid"
  "signature": 
    "solid"
  "simplybuilt": 
    "brands"
  "sistrix": 
    "brands"
  "sitemap": 
    "solid"
  "sith": 
    "brands"
  "skull": 
    "solid"
  "skyatlas": 
    "brands"
  "skype": 
    "brands"
  "slack": 
    "brands"
  "slack-hash": 
    "brands"
  "sliders-h": 
    "solid"
  "slideshare": 
    "brands"
  "smile": 
    "regular"
  "smile-beam": 
    "regular"
  "smile-wink": 
    "regular"
  "smoking": 
    "solid"
  "smoking-ban": 
    "solid"
  "snapchat": 
    "brands"
  "snapchat-ghost": 
    "brands"
  "snapchat-square": 
    "brands"
  "snowflake": 
    "regular"
  "solar-panel": 
    "solid"
  "sort": 
    "solid"
  "sort-alpha-down": 
    "solid"
  "sort-alpha-up": 
    "solid"
  "sort-amount-down": 
    "solid"
  "sort-amount-up": 
    "solid"
  "sort-down": 
    "solid"
  "sort-numeric-down": 
    "solid"
  "sort-numeric-up": 
    "solid"
  "sort-up": 
    "solid"
  "soundcloud": 
    "brands"
  "spa": 
    "solid"
  "space-shuttle": 
    "solid"
  "speakap": 
    "brands"
  "spinner": 
    "solid"
  "splotch": 
    "solid"
  "spotify": 
    "brands"
  "spray-can": 
    "solid"
  "square": 
    "regular"
  "square-full": 
    "solid"
  "squarespace": 
    "brands"
  "stack-exchange": 
    "brands"
  "stack-overflow": 
    "brands"
  "stamp": 
    "solid"
  "star": 
    "regular"
  "star-half": 
    "regular"
  "star-half-alt": 
    "solid"
  "star-of-life": 
    "solid"
  "staylinked": 
    "brands"
  "steam": 
    "brands"
  "steam-square": 
    "brands"
  "steam-symbol": 
    "brands"
  "step-backward": 
    "solid"
  "step-forward": 
    "solid"
  "stethoscope": 
    "solid"
  "sticker-mule": 
    "brands"
  "sticky-note": 
    "regular"
  "stop": 
    "solid"
  "stop-circle": 
    "regular"
  "stopwatch": 
    "solid"
  "store": 
    "solid"
  "store-alt": 
    "solid"
  "strava": 
    "brands"
  "stream": 
    "solid"
  "street-view": 
    "solid"
  "strikethrough": 
    "solid"
  "stripe": 
    "brands"
  "stripe-s": 
    "brands"
  "stroopwafel": 
    "solid"
  "studiovinari": 
    "brands"
  "stumbleupon": 
    "brands"
  "stumbleupon-circle": 
    "brands"
  "subscript": 
    "solid"
  "subway": 
    "solid"
  "suitcase": 
    "solid"
  "suitcase-rolling": 
    "solid"
  "sun": 
    "regular"
  "superpowers": 
    "brands"
  "superscript": 
    "solid"
  "supple": 
    "brands"
  "surprise": 
    "regular"
  "swatchbook": 
    "solid"
  "swimmer": 
    "solid"
  "swimming-pool": 
    "solid"
  "sync": 
    "solid"
  "sync-alt": 
    "solid"
  "syringe": 
    "solid"
  "table": 
    "solid"
  "table-tennis": 
    "solid"
  "tablet": 
    "solid"
  "tablet-alt": 
    "solid"
  "tablets": 
    "solid"
  "tachometer-alt": 
    "solid"
  "tag": 
    "solid"
  "tags": 
    "solid"
  "tape": 
    "solid"
  "tasks": 
    "solid"
  "taxi": 
    "solid"
  "teamspeak": 
    "brands"
  "teeth": 
    "solid"
  "teeth-open": 
    "solid"
  "telegram": 
    "brands"
  "telegram-plane": 
    "brands"
  "tencent-weibo": 
    "brands"
  "terminal": 
    "solid"
  "text-height": 
    "solid"
  "text-width": 
    "solid"
  "th": 
    "solid"
  "th-large": 
    "solid"
  "th-list": 
    "solid"
  "theater-masks": 
    "solid"
  "themeco": 
    "brands"
  "themeisle": 
    "brands"
  "thermometer": 
    "solid"
  "thermometer-empty": 
    "solid"
  "thermometer-full": 
    "solid"
  "thermometer-half": 
    "solid"
  "thermometer-quarter": 
    "solid"
  "thermometer-three-quarters": 
    "solid"
  "thumbs-down": 
    "regular"
  "thumbs-up": 
    "regular"
  "thumbtack": 
    "solid"
  "ticket-alt": 
    "solid"
  "times": 
    "solid"
  "times-circle": 
    "regular"
  "tint": 
    "solid"
  "tint-slash": 
    "solid"
  "tired": 
    "regular"
  "toggle-off": 
    "solid"
  "toggle-on": 
    "solid"
  "toolbox": 
    "solid"
  "tooth": 
    "solid"
  "trade-federation": 
    "brands"
  "trademark": 
    "solid"
  "traffic-light": 
    "solid"
  "train": 
    "solid"
  "transgender": 
    "solid"
  "transgender-alt": 
    "solid"
  "trash": 
    "solid"
  "trash-alt": 
    "regular"
  "tree": 
    "solid"
  "trello": 
    "brands"
  "tripadvisor": 
    "brands"
  "trophy": 
    "solid"
  "truck": 
    "solid"
  "truck-loading": 
    "solid"
  "truck-monster": 
    "solid"
  "truck-moving": 
    "solid"
  "truck-pickup": 
    "solid"
  "tshirt": 
    "solid"
  "tty": 
    "solid"
  "tumblr": 
    "brands"
  "tumblr-square": 
    "brands"
  "tv": 
    "solid"
  "twitch": 
    "brands"
  "twitter": 
    "brands"
  "twitter-square": 
    "brands"
  "typo3": 
    "brands"
  "uber": 
    "brands"
  "uikit": 
    "brands"
  "umbrella": 
    "solid"
  "umbrella-beach": 
    "solid"
  "underline": 
    "solid"
  "undo": 
    "solid"
  "undo-alt": 
    "solid"
  "uniregistry": 
    "brands"
  "universal-access": 
    "solid"
  "university": 
    "solid"
  "unlink": 
    "solid"
  "unlock": 
    "solid"
  "unlock-alt": 
    "solid"
  "untappd": 
    "brands"
  "upload": 
    "solid"
  "usb": 
    "brands"
  "user": 
    "regular"
  "user-alt": 
    "solid"
  "user-alt-slash": 
    "solid"
  "user-astronaut": 
    "solid"
  "user-check": 
    "solid"
  "user-circle": 
    "regular"
  "user-clock": 
    "solid"
  "user-cog": 
    "solid"
  "user-edit": 
    "solid"
  "user-friends": 
    "solid"
  "user-graduate": 
    "solid"
  "user-lock": 
    "solid"
  "user-md": 
    "solid"
  "user-minus": 
    "solid"
  "user-ninja": 
    "solid"
  "user-plus": 
    "solid"
  "user-secret": 
    "solid"
  "user-shield": 
    "solid"
  "user-slash": 
    "solid"
  "user-tag": 
    "solid"
  "user-tie": 
    "solid"
  "user-times": 
    "solid"
  "users": 
    "solid"
  "users-cog": 
    "solid"
  "ussunnah": 
    "brands"
  "utensil-spoon": 
    "solid"
  "utensils": 
    "solid"
  "vaadin": 
    "brands"
  "vector-square": 
    "solid"
  "venus": 
    "solid"
  "venus-double": 
    "solid"
  "venus-mars": 
    "solid"
  "viacoin": 
    "brands"
  "viadeo": 
    "brands"
  "viadeo-square": 
    "brands"
  "vial": 
    "solid"
  "vials": 
    "solid"
  "viber": 
    "brands"
  "video": 
    "solid"
  "video-slash": 
    "solid"
  "vimeo": 
    "brands"
  "vimeo-square": 
    "brands"
  "vimeo-v": 
    "brands"
  "vine": 
    "brands"
  "vk": 
    "brands"
  "vnv": 
    "brands"
  "volleyball-ball": 
    "solid"
  "volume-down": 
    "solid"
  "volume-off": 
    "solid"
  "volume-up": 
    "solid"
  "vuejs": 
    "brands"
  "walking": 
    "solid"
  "wallet": 
    "solid"
  "warehouse": 
    "solid"
  "weebly": 
    "brands"
  "weibo": 
    "brands"
  "weight": 
    "solid"
  "weight-hanging": 
    "solid"
  "weixin": 
    "brands"
  "whatsapp": 
    "brands"
  "whatsapp-square": 
    "brands"
  "wheelchair": 
    "solid"
  "whmcs": 
    "brands"
  "wifi": 
    "solid"
  "wikipedia-w": 
    "brands"
  "window-close": 
    "regular"
  "window-maximize": 
    "regular"
  "window-minimize": 
    "regular"
  "window-restore": 
    "regular"
  "windows": 
    "brands"
  "wine-glass": 
    "solid"
  "wine-glass-alt": 
    "solid"
  "wix": 
    "brands"
  "wolf-pack-battalion": 
    "brands"
  "won-sign": 
    "solid"
  "wordpress": 
    "brands"
  "wordpress-simple": 
    "brands"
  "wpbeginner": 
    "brands"
  "wpexplorer": 
    "brands"
  "wpforms": 
    "brands"
  "wrench": 
    "solid"
  "x-ray": 
    "solid"
  "xbox": 
    "brands"
  "xing": 
    "brands"
  "xing-square": 
    "brands"
  "y-combinator": 
    "brands"
  "yahoo": 
    "brands"
  "yandex": 
    "brands"
  "yandex-international": 
    "brands"
  "yelp": 
    "brands"
  "yen-sign": 
    "solid"
  "yoast": 
    "brands"
  "youtube": 
    "brands"
  "youtube-square": 
    "brands"
  "zhihu": 
    "brands"
